build/app/intermediates/manifest_merge_blame_file/release/manifest-merger-blame-release-report.txt
1<?xml version="1.0" encoding="utf-8"?>
2<manifest xmlns:android="http://schemas.android.com/apk/res/android"
3    package="com.softhub.indialearner"
4    android:versionCode="1"
5    android:versionName="1.0.0" >
6
7    <uses-sdk
8        android:minSdkVersion="16"
8-->src\main\AndroidManifest.xml
9        android:targetSdkVersion="29" />
9-->src\main\AndroidManifest.xml
10
11    <uses-permission android:name="android.permission.INTERNET" />
11-->src\main\AndroidManifest.xml:4:5-66
11-->src\main\AndroidManifest.xml:4:22-64
12    <uses-permission android:name="android.permission.ACCESS_NETWORK_STATE" />
12-->src\main\AndroidManifest.xml:5:5-79
12-->src\main\AndroidManifest.xml:5:22-76
13    <uses-permission android:name="android.permission.READ_EXTERNAL_STORAGE" />
13-->src\main\AndroidManifest.xml:6:5-80
13-->src\main\AndroidManifest.xml:6:22-77
14    <uses-permission android:name="android.permission.WRITE_EXTERNAL_STORAGE" />
14-->src\main\AndroidManifest.xml:7:5-80
14-->src\main\AndroidManifest.xml:7:22-78
15    <uses-permission android:name="android.permission.ACCESS_MEDIA_LOCATION" />
15-->src\main\AndroidManifest.xml:8:5-79
15-->src\main\AndroidManifest.xml:8:22-77
16    <uses-permission android:name="android.permission.RECEIVE_BOOT_COMPLETED" />
16-->[:flutter_local_notifications] AndroidManifest.xml:7:5-81
16-->[:flutter_local_notifications] AndroidManifest.xml:7:22-78
17    <uses-permission android:name="android.permission.VIBRATE" />
17-->[:flutter_local_notifications] AndroidManifest.xml:8:5-66
17-->[:flutter_local_notifications] AndroidManifest.xml:8:22-63
18    <uses-permission android:name="android.permission.USE_FULL_SCREEN_INTENT" />
18-->[:flutter_local_notifications] AndroidManifest.xml:9:5-81
18-->[:flutter_local_notifications] AndroidManifest.xml:9:22-78
19    <uses-permission android:name="android.permission.WAKE_LOCK" />
19-->[androidx.work:work-runtime:2.2.0] AndroidManifest.xml:25:5-68
19-->[androidx.work:work-runtime:2.2.0] AndroidManifest.xml:25:22-65
20
21    <application
21-->src\main\AndroidManifest.xml:10:5-45:19
22        android:name="androidx.multidex.MultiDexApplication"
23        android:appComponentFactory="androidx.core.app.CoreComponentFactory"
23-->[androidx.core:core:1.3.0] AndroidManifest.xml:24:18-86
24        android:icon="@mipmap/ic_launcher"
24-->src\main\AndroidManifest.xml:14:9-43
25        android:label="IndiaLearner"
25-->src\main\AndroidManifest.xml:11:9-37
26        android:requestLegacyExternalStorage="true"
26-->src\main\AndroidManifest.xml:12:9-52
27        android:usesCleartextTraffic="true" >
27-->src\main\AndroidManifest.xml:13:9-44
28        <activity
28-->src\main\AndroidManifest.xml:16:9-39:20
29            android:name="com.softhub.indialearner.MainActivity"
29-->src\main\AndroidManifest.xml:17:13-41
30            android:configChanges="orientation|keyboardHidden|keyboard|screenSize|smallestScreenSize|locale|layoutDirection|fontScale|screenLayout|density|uiMode"
30-->src\main\AndroidManifest.xml:20:13-163
31            android:hardwareAccelerated="true"
31-->src\main\AndroidManifest.xml:21:13-47
32            android:launchMode="singleTop"
32-->src\main\AndroidManifest.xml:18:13-43
33            android:theme="@style/LaunchTheme"
33-->src\main\AndroidManifest.xml:19:13-47
34            android:windowSoftInputMode="adjustResize" >
34-->src\main\AndroidManifest.xml:22:13-55
35
36            <!--
37                 Specifies an Android theme to apply to this Activity as soon as
38                 the Android process has started. This theme is visible to the user
39                 while the Flutter UI initializes. After that, this theme continues
40                 to determine the Window background behind the Flutter UI.
41            -->
42            <meta-data
42-->src\main\AndroidManifest.xml:27:13-30:17
43                android:name="io.flutter.embedding.android.NormalTheme"
43-->src\main\AndroidManifest.xml:28:15-70
44                android:resource="@style/NormalTheme" />
44-->src\main\AndroidManifest.xml:29:15-52
45            <meta-data
45-->src\main\AndroidManifest.xml:31:13-34:17
46                android:name="io.flutter.embedding.android.SplashScreenDrawable"
46-->src\main\AndroidManifest.xml:32:15-79
47                android:resource="@drawable/launch_background" />
47-->src\main\AndroidManifest.xml:33:15-61
48
49            <intent-filter>
49-->src\main\AndroidManifest.xml:35:13-38:29
50                <action android:name="android.intent.action.MAIN" />
50-->src\main\AndroidManifest.xml:36:17-68
50-->src\main\AndroidManifest.xml:36:25-66
51
52                <category android:name="android.intent.category.LAUNCHER" />
52-->src\main\AndroidManifest.xml:37:17-76
52-->src\main\AndroidManifest.xml:37:27-74
53            </intent-filter>
54        </activity>
55        <!--
56             Don't delete the meta-data below.
57             This is used by the Flutter tool to generate GeneratedPluginRegistrant.java
58        -->
59        <meta-data
59-->src\main\AndroidManifest.xml:42:9-44:33
60            android:name="flutterEmbedding"
60-->src\main\AndroidManifest.xml:43:13-44
61            android:value="2" />
61-->src\main\AndroidManifest.xml:44:13-30
62
63        <provider
63-->[:image_picker] AndroidManifest.xml:11:9-19:20
64            android:name="io.flutter.plugins.imagepicker.ImagePickerFileProvider"
64-->[:image_picker] AndroidManifest.xml:12:13-82
65            android:authorities="com.softhub.indialearner.flutter.image_provider"
65-->[:image_picker] AndroidManifest.xml:13:13-74
66            android:exported="false"
66-->[:image_picker] AndroidManifest.xml:14:13-37
67            android:grantUriPermissions="true" >
67-->[:image_picker] AndroidManifest.xml:15:13-47
68            <meta-data
68-->[:image_picker] AndroidManifest.xml:16:13-18:75
69                android:name="android.support.FILE_PROVIDER_PATHS"
69-->[:image_picker] AndroidManifest.xml:17:17-67
70                android:resource="@xml/flutter_image_picker_file_paths" />
70-->[:image_picker] AndroidManifest.xml:18:17-72
71        </provider>
72
73        <activity
73-->[:url_launcher] AndroidManifest.xml:8:9-11:74
74            android:name="io.flutter.plugins.urllauncher.WebViewActivity"
74-->[:url_launcher] AndroidManifest.xml:9:13-74
75            android:exported="false"
75-->[:url_launcher] AndroidManifest.xml:10:13-37
76            android:theme="@android:style/Theme.NoTitleBar.Fullscreen" />
76-->[:url_launcher] AndroidManifest.xml:11:13-71
77
78        <receiver android:name="com.dexterous.flutterlocalnotifications.ScheduledNotificationReceiver" />
78-->[:flutter_local_notifications] AndroidManifest.xml:12:9-106
78-->[:flutter_local_notifications] AndroidManifest.xml:12:19-103
79        <receiver android:name="com.dexterous.flutterlocalnotifications.ScheduledNotificationBootReceiver" >
79-->[:flutter_local_notifications] AndroidManifest.xml:13:9-20:20
79-->[:flutter_local_notifications] AndroidManifest.xml:13:19-107
80            <intent-filter>
80-->[:flutter_local_notifications] AndroidManifest.xml:14:13-19:29
81                <action android:name="android.intent.action.BOOT_COMPLETED" />
81-->[:flutter_local_notifications] AndroidManifest.xml:15:17-79
81-->[:flutter_local_notifications] AndroidManifest.xml:15:25-76
82                <action android:name="android.intent.action.MY_PACKAGE_REPLACED" />
82-->[:flutter_local_notifications] AndroidManifest.xml:16:17-84
82-->[:flutter_local_notifications] AndroidManifest.xml:16:25-81
83                <action android:name="android.intent.action.QUICKBOOT_POWERON" />
83-->[:flutter_local_notifications] AndroidManifest.xml:17:17-82
83-->[:flutter_local_notifications] AndroidManifest.xml:17:25-79
84                <action android:name="com.htc.intent.action.QUICKBOOT_POWERON" />
84-->[:flutter_local_notifications] AndroidManifest.xml:18:17-82
84-->[:flutter_local_notifications] AndroidManifest.xml:18:25-79
85            </intent-filter>
86        </receiver>
87
88        <provider
88-->[androidx.work:work-runtime:2.2.0] AndroidManifest.xml:30:9-36:35
89            android:name="androidx.work.impl.WorkManagerInitializer"
89-->[androidx.work:work-runtime:2.2.0] AndroidManifest.xml:31:13-69
90            android:authorities="com.softhub.indialearner.workmanager-init"
90-->[androidx.work:work-runtime:2.2.0] AndroidManifest.xml:32:13-68
91            android:directBootAware="false"
91-->[androidx.work:work-runtime:2.2.0] AndroidManifest.xml:33:13-44
92            android:exported="false"
92-->[androidx.work:work-runtime:2.2.0] AndroidManifest.xml:34:13-37
93            android:multiprocess="true" />
93-->[androidx.work:work-runtime:2.2.0] AndroidManifest.xml:35:13-40
94
95        <service
95-->[androidx.work:work-runtime:2.2.0] AndroidManifest.xml:38:9-43:35
96            android:name="androidx.work.impl.background.systemalarm.SystemAlarmService"
96-->[androidx.work:work-runtime:2.2.0] AndroidManifest.xml:39:13-88
97            android:directBootAware="false"
97-->[androidx.work:work-runtime:2.2.0] AndroidManifest.xml:40:13-44
98            android:enabled="@bool/enable_system_alarm_service_default"
98-->[androidx.work:work-runtime:2.2.0] AndroidManifest.xml:41:13-72
99            android:exported="false" />
99-->[androidx.work:work-runtime:2.2.0] AndroidManifest.xml:42:13-37
100        <service
100-->[androidx.work:work-runtime:2.2.0] AndroidManifest.xml:44:9-50:35
101            android:name="androidx.work.impl.background.systemjob.SystemJobService"
101-->[androidx.work:work-runtime:2.2.0] AndroidManifest.xml:45:13-84
102            android:directBootAware="false"
102-->[androidx.work:work-runtime:2.2.0] AndroidManifest.xml:46:13-44
103            android:enabled="@bool/enable_system_job_service_default"
103-->[androidx.work:work-runtime:2.2.0] AndroidManifest.xml:47:13-70
104            android:exported="true"
104-->[androidx.work:work-runtime:2.2.0] AndroidManifest.xml:48:13-36
105            android:permission="android.permission.BIND_JOB_SERVICE" />
105-->[androidx.work:work-runtime:2.2.0] AndroidManifest.xml:49:13-69
106
107        <receiver
107-->[androidx.work:work-runtime:2.2.0] AndroidManifest.xml:52:9-57:35
108            android:name="androidx.work.impl.utils.ForceStopRunnable$BroadcastReceiver"
108-->[androidx.work:work-runtime:2.2.0] AndroidManifest.xml:53:13-88
109            android:directBootAware="false"
109-->[androidx.work:work-runtime:2.2.0] AndroidManifest.xml:54:13-44
110            android:enabled="true"
110-->[androidx.work:work-runtime:2.2.0] AndroidManifest.xml:55:13-35
111            android:exported="false" />
111-->[androidx.work:work-runtime:2.2.0] AndroidManifest.xml:56:13-37
112        <receiver
112-->[androidx.work:work-runtime:2.2.0] AndroidManifest.xml:58:9-68:20
113            android:name="androidx.work.impl.background.systemalarm.ConstraintProxy$BatteryChargingProxy"
113-->[androidx.work:work-runtime:2.2.0] AndroidManifest.xml:59:13-106
114            android:directBootAware="false"
114-->[androidx.work:work-runtime:2.2.0] AndroidManifest.xml:60:13-44
115            android:enabled="false"
115-->[androidx.work:work-runtime:2.2.0] AndroidManifest.xml:61:13-36
116            android:exported="false" >
116-->[androidx.work:work-runtime:2.2.0] AndroidManifest.xml:62:13-37
117            <intent-filter>
117-->[androidx.work:work-runtime:2.2.0] AndroidManifest.xml:64:13-67:29
118                <action android:name="android.intent.action.ACTION_POWER_CONNECTED" />
118-->[androidx.work:work-runtime:2.2.0] AndroidManifest.xml:65:17-87
118-->[androidx.work:work-runtime:2.2.0] AndroidManifest.xml:65:25-84
119                <action android:name="android.intent.action.ACTION_POWER_DISCONNECTED" />
119-->[androidx.work:work-runtime:2.2.0] AndroidManifest.xml:66:17-90
119-->[androidx.work:work-runtime:2.2.0] AndroidManifest.xml:66:25-87
120            </intent-filter>
121        </receiver>
122        <receiver
122-->[androidx.work:work-runtime:2.2.0] AndroidManifest.xml:69:9-79:20
123            android:name="androidx.work.impl.background.systemalarm.ConstraintProxy$BatteryNotLowProxy"
123-->[androidx.work:work-runtime:2.2.0] AndroidManifest.xml:70:13-104
124            android:directBootAware="false"
124-->[androidx.work:work-runtime:2.2.0] AndroidManifest.xml:71:13-44
125            android:enabled="false"
125-->[androidx.work:work-runtime:2.2.0] AndroidManifest.xml:72:13-36
126            android:exported="false" >
126-->[androidx.work:work-runtime:2.2.0] AndroidManifest.xml:73:13-37
127            <intent-filter>
127-->[androidx.work:work-runtime:2.2.0] AndroidManifest.xml:75:13-78:29
128                <action android:name="android.intent.action.BATTERY_OKAY" />
128-->[androidx.work:work-runtime:2.2.0] AndroidManifest.xml:76:17-77
128-->[androidx.work:work-runtime:2.2.0] AndroidManifest.xml:76:25-74
129                <action android:name="android.intent.action.BATTERY_LOW" />
129-->[androidx.work:work-runtime:2.2.0] AndroidManifest.xml:77:17-76
129-->[androidx.work:work-runtime:2.2.0] AndroidManifest.xml:77:25-73
130            </intent-filter>
131        </receiver>
132        <receiver
132-->[androidx.work:work-runtime:2.2.0] AndroidManifest.xml:80:9-90:20
133            android:name="androidx.work.impl.background.systemalarm.ConstraintProxy$StorageNotLowProxy"
133-->[androidx.work:work-runtime:2.2.0] AndroidManifest.xml:81:13-104
134            android:directBootAware="false"
134-->[androidx.work:work-runtime:2.2.0] AndroidManifest.xml:82:13-44
135            android:enabled="false"
135-->[androidx.work:work-runtime:2.2.0] AndroidManifest.xml:83:13-36
136            android:exported="false" >
136-->[androidx.work:work-runtime:2.2.0] AndroidManifest.xml:84:13-37
137            <intent-filter>
137-->[androidx.work:work-runtime:2.2.0] AndroidManifest.xml:86:13-89:29
138                <action android:name="android.intent.action.DEVICE_STORAGE_LOW" />
138-->[androidx.work:work-runtime:2.2.0] AndroidManifest.xml:87:17-83
138-->[androidx.work:work-runtime:2.2.0] AndroidManifest.xml:87:25-80
139                <action android:name="android.intent.action.DEVICE_STORAGE_OK" />
139-->[androidx.work:work-runtime:2.2.0] AndroidManifest.xml:88:17-82
139-->[androidx.work:work-runtime:2.2.0] AndroidManifest.xml:88:25-79
140            </intent-filter>
141        </receiver>
142        <receiver
142-->[androidx.work:work-runtime:2.2.0] AndroidManifest.xml:91:9-100:20
143            android:name="androidx.work.impl.background.systemalarm.ConstraintProxy$NetworkStateProxy"
143-->[androidx.work:work-runtime:2.2.0] AndroidManifest.xml:92:13-103
144            android:directBootAware="false"
144-->[androidx.work:work-runtime:2.2.0] AndroidManifest.xml:93:13-44
145            android:enabled="false"
145-->[androidx.work:work-runtime:2.2.0] AndroidManifest.xml:94:13-36
146            android:exported="false" >
146-->[androidx.work:work-runtime:2.2.0] AndroidManifest.xml:95:13-37
147            <intent-filter>
147-->[androidx.work:work-runtime:2.2.0] AndroidManifest.xml:97:13-99:29
148                <action android:name="android.net.conn.CONNECTIVITY_CHANGE" />
148-->[androidx.work:work-runtime:2.2.0] AndroidManifest.xml:98:17-79
148-->[androidx.work:work-runtime:2.2.0] AndroidManifest.xml:98:25-76
149            </intent-filter>
150        </receiver>
151        <receiver
151-->[androidx.work:work-runtime:2.2.0] AndroidManifest.xml:101:9-112:20
152            android:name="androidx.work.impl.background.systemalarm.RescheduleReceiver"
152-->[androidx.work:work-runtime:2.2.0] AndroidManifest.xml:102:13-88
153            android:directBootAware="false"
153-->[androidx.work:work-runtime:2.2.0] AndroidManifest.xml:103:13-44
154            android:enabled="false"
154-->[androidx.work:work-runtime:2.2.0] AndroidManifest.xml:104:13-36
155            android:exported="false" >
155-->[androidx.work:work-runtime:2.2.0] AndroidManifest.xml:105:13-37
156            <intent-filter>
156-->[androidx.work:work-runtime:2.2.0] AndroidManifest.xml:107:13-111:29
157                <action android:name="android.intent.action.BOOT_COMPLETED" />
157-->[:flutter_local_notifications] AndroidManifest.xml:15:17-79
157-->[:flutter_local_notifications] AndroidManifest.xml:15:25-76
158                <action android:name="android.intent.action.TIME_SET" />
158-->[androidx.work:work-runtime:2.2.0] AndroidManifest.xml:109:17-73
158-->[androidx.work:work-runtime:2.2.0] AndroidManifest.xml:109:25-70
159                <action android:name="android.intent.action.TIMEZONE_CHANGED" />
159-->[androidx.work:work-runtime:2.2.0] AndroidManifest.xml:110:17-81
159-->[androidx.work:work-runtime:2.2.0] AndroidManifest.xml:110:25-78
160            </intent-filter>
161        </receiver>
162        <receiver
162-->[androidx.work:work-runtime:2.2.0] AndroidManifest.xml:113:9-122:20
163            android:name="androidx.work.impl.background.systemalarm.ConstraintProxyUpdateReceiver"
163-->[androidx.work:work-runtime:2.2.0] AndroidManifest.xml:114:13-99
164            android:directBootAware="false"
164-->[androidx.work:work-runtime:2.2.0] AndroidManifest.xml:115:13-44
165            android:enabled="@bool/enable_system_alarm_service_default"
165-->[androidx.work:work-runtime:2.2.0] AndroidManifest.xml:116:13-72
166            android:exported="false" >
166-->[androidx.work:work-runtime:2.2.0] AndroidManifest.xml:117:13-37
167            <intent-filter>
167-->[androidx.work:work-runtime:2.2.0] AndroidManifest.xml:119:13-121:29
168                <action android:name="androidx.work.impl.background.systemalarm.UpdateProxies" />
168-->[androidx.work:work-runtime:2.2.0] AndroidManifest.xml:120:17-98
168-->[androidx.work:work-runtime:2.2.0] AndroidManifest.xml:120:25-95
169            </intent-filter>
170        </receiver>
171
172        <service
172-->[androidx.room:room-runtime:2.1.0] AndroidManifest.xml:25:9-27:40
173            android:name="androidx.room.MultiInstanceInvalidationService"
173-->[androidx.room:room-runtime:2.1.0] AndroidManifest.xml:26:13-74
174            android:exported="false" />
174-->[androidx.room:room-runtime:2.1.0] AndroidManifest.xml:27:13-37
175    </application>
176
177</manifest>